Warning: bazel-out/k8-fastbuild/bin/external/org_theopenroadproject_asap7sc7p5t_28/asap7-sc7p5t_rev28_rvt-ccs_ff-koggestone_FF.lib line 2847035, when attribute inside table model.
Warning: bazel-out/k8-fastbuild/bin/external/org_theopenroadproject_asap7sc7p5t_28/asap7-sc7p5t_rev28_rvt-ccs_ff-koggestone_FF.lib line 2847511, when attribute inside table model.
Warning: bazel-out/k8-fastbuild/bin/external/org_theopenroadproject_asap7sc7p5t_28/asap7-sc7p5t_rev28_rvt-ccs_ff-koggestone_FF.lib line 2847987, when attribute inside table model.
Warning: bazel-out/k8-fastbuild/bin/external/org_theopenroadproject_asap7sc7p5t_28/asap7-sc7p5t_rev28_rvt-ccs_ff-koggestone_FF.lib line 2848463, when attribute inside table model.
Warning: bazel-out/k8-fastbuild/bin/external/org_theopenroadproject_asap7sc7p5t_28/asap7-sc7p5t_rev28_rvt-ccs_ff-koggestone_FF.lib line 2848939, when attribute inside table model.
Warning: bazel-out/k8-fastbuild/bin/external/org_theopenroadproject_asap7sc7p5t_28/asap7-sc7p5t_rev28_rvt-ccs_ff-koggestone_FF.lib line 2850355, when attribute inside table model.
Warning: bazel-out/k8-fastbuild/bin/external/org_theopenroadproject_asap7sc7p5t_28/asap7-sc7p5t_rev28_rvt-ccs_ff-koggestone_FF.lib line 2846554, timing group from output port.
Warning: bazel-out/k8-fastbuild/bin/external/org_theopenroadproject_asap7sc7p5t_28/asap7-sc7p5t_rev28_rvt-ccs_ff-koggestone_FF.lib line 2847030, timing group from output port.
Warning: bazel-out/k8-fastbuild/bin/external/org_theopenroadproject_asap7sc7p5t_28/asap7-sc7p5t_rev28_rvt-ccs_ff-koggestone_FF.lib line 2847506, timing group from output port.
Warning: bazel-out/k8-fastbuild/bin/external/org_theopenroadproject_asap7sc7p5t_28/asap7-sc7p5t_rev28_rvt-ccs_ff-koggestone_FF.lib line 2847982, timing group from output port.
Warning: bazel-out/k8-fastbuild/bin/external/org_theopenroadproject_asap7sc7p5t_28/asap7-sc7p5t_rev28_rvt-ccs_ff-koggestone_FF.lib line 2848458, timing group from output port.
Warning: bazel-out/k8-fastbuild/bin/external/org_theopenroadproject_asap7sc7p5t_28/asap7-sc7p5t_rev28_rvt-ccs_ff-koggestone_FF.lib line 2848934, timing group from output port.
Warning: bazel-out/k8-fastbuild/bin/external/org_theopenroadproject_asap7sc7p5t_28/asap7-sc7p5t_rev28_rvt-ccs_ff-koggestone_FF.lib line 2849410, timing group from output port.
Warning: bazel-out/k8-fastbuild/bin/external/org_theopenroadproject_asap7sc7p5t_28/asap7-sc7p5t_rev28_rvt-ccs_ff-koggestone_FF.lib line 2857800, when attribute inside table model.
Warning: bazel-out/k8-fastbuild/bin/external/org_theopenroadproject_asap7sc7p5t_28/asap7-sc7p5t_rev28_rvt-ccs_ff-koggestone_FF.lib line 2859216, when attribute inside table model.
Warning: bazel-out/k8-fastbuild/bin/external/org_theopenroadproject_asap7sc7p5t_28/asap7-sc7p5t_rev28_rvt-ccs_ff-koggestone_FF.lib line 2857319, timing group from output port.
Warning: bazel-out/k8-fastbuild/bin/external/org_theopenroadproject_asap7sc7p5t_28/asap7-sc7p5t_rev28_rvt-ccs_ff-koggestone_FF.lib line 2857795, timing group from output port.
Warning: bazel-out/k8-fastbuild/bin/external/org_theopenroadproject_asap7sc7p5t_28/asap7-sc7p5t_rev28_rvt-ccs_ff-koggestone_FF.lib line 2858271, timing group from output port.
Startpoint: mod.b0_$_DFF_P__Q (rising edge-triggered flip-flop)
Endpoint: x0_$_DFF_P__Q (rising edge-triggered flip-flop)
Path Group: unconstrained
Path Type: max

  Delay    Time   Description
---------------------------------------------------------
   0.00    0.00 ^ mod.b0_$_DFF_P__Q/CLK (DFFHQNx1_ASAP7_75t_R)
  37.69   37.69 ^ mod.b0_$_DFF_P__Q/QN (DFFHQNx1_ASAP7_75t_R)
  10.77   48.46 v mod.x[0]_NOR2x2_ASAP7_75t_R_Y/Y (NOR2x2_ASAP7_75t_R)
   0.00   48.46 v x0_$_DFF_P__Q/D (DFFHQNx1_ASAP7_75t_R)
          48.46   data arrival time
---------------------------------------------------------
(Path is unconstrained)


