Warning: bazel-out/k8-fastbuild/bin/external/org_theopenroadproject_asap7sc7p5t_28/asap7-sc7p5t_rev28_slvt-ccs_ss-nofa_SS.lib line 2847013, when attribute inside table model.
Warning: bazel-out/k8-fastbuild/bin/external/org_theopenroadproject_asap7sc7p5t_28/asap7-sc7p5t_rev28_slvt-ccs_ss-nofa_SS.lib line 2847489, when attribute inside table model.
Warning: bazel-out/k8-fastbuild/bin/external/org_theopenroadproject_asap7sc7p5t_28/asap7-sc7p5t_rev28_slvt-ccs_ss-nofa_SS.lib line 2847965, when attribute inside table model.
Warning: bazel-out/k8-fastbuild/bin/external/org_theopenroadproject_asap7sc7p5t_28/asap7-sc7p5t_rev28_slvt-ccs_ss-nofa_SS.lib line 2848441, when attribute inside table model.
Warning: bazel-out/k8-fastbuild/bin/external/org_theopenroadproject_asap7sc7p5t_28/asap7-sc7p5t_rev28_slvt-ccs_ss-nofa_SS.lib line 2848917, when attribute inside table model.
Warning: bazel-out/k8-fastbuild/bin/external/org_theopenroadproject_asap7sc7p5t_28/asap7-sc7p5t_rev28_slvt-ccs_ss-nofa_SS.lib line 2850333, when attribute inside table model.
Warning: bazel-out/k8-fastbuild/bin/external/org_theopenroadproject_asap7sc7p5t_28/asap7-sc7p5t_rev28_slvt-ccs_ss-nofa_SS.lib line 2846532, timing group from output port.
Warning: bazel-out/k8-fastbuild/bin/external/org_theopenroadproject_asap7sc7p5t_28/asap7-sc7p5t_rev28_slvt-ccs_ss-nofa_SS.lib line 2847008, timing group from output port.
Warning: bazel-out/k8-fastbuild/bin/external/org_theopenroadproject_asap7sc7p5t_28/asap7-sc7p5t_rev28_slvt-ccs_ss-nofa_SS.lib line 2847484, timing group from output port.
Warning: bazel-out/k8-fastbuild/bin/external/org_theopenroadproject_asap7sc7p5t_28/asap7-sc7p5t_rev28_slvt-ccs_ss-nofa_SS.lib line 2847960, timing group from output port.
Warning: bazel-out/k8-fastbuild/bin/external/org_theopenroadproject_asap7sc7p5t_28/asap7-sc7p5t_rev28_slvt-ccs_ss-nofa_SS.lib line 2848436, timing group from output port.
Warning: bazel-out/k8-fastbuild/bin/external/org_theopenroadproject_asap7sc7p5t_28/asap7-sc7p5t_rev28_slvt-ccs_ss-nofa_SS.lib line 2848912, timing group from output port.
Warning: bazel-out/k8-fastbuild/bin/external/org_theopenroadproject_asap7sc7p5t_28/asap7-sc7p5t_rev28_slvt-ccs_ss-nofa_SS.lib line 2849388, timing group from output port.
Warning: bazel-out/k8-fastbuild/bin/external/org_theopenroadproject_asap7sc7p5t_28/asap7-sc7p5t_rev28_slvt-ccs_ss-nofa_SS.lib line 2857776, when attribute inside table model.
Warning: bazel-out/k8-fastbuild/bin/external/org_theopenroadproject_asap7sc7p5t_28/asap7-sc7p5t_rev28_slvt-ccs_ss-nofa_SS.lib line 2859192, when attribute inside table model.
Warning: bazel-out/k8-fastbuild/bin/external/org_theopenroadproject_asap7sc7p5t_28/asap7-sc7p5t_rev28_slvt-ccs_ss-nofa_SS.lib line 2857295, timing group from output port.
Warning: bazel-out/k8-fastbuild/bin/external/org_theopenroadproject_asap7sc7p5t_28/asap7-sc7p5t_rev28_slvt-ccs_ss-nofa_SS.lib line 2857771, timing group from output port.
Warning: bazel-out/k8-fastbuild/bin/external/org_theopenroadproject_asap7sc7p5t_28/asap7-sc7p5t_rev28_slvt-ccs_ss-nofa_SS.lib line 2858247, timing group from output port.
Startpoint: mod.b2_$_DFF_P__Q (rising edge-triggered flip-flop)
Endpoint: x7_$_DFF_P__Q (rising edge-triggered flip-flop)
Path Group: unconstrained
Path Type: max

  Delay    Time   Description
---------------------------------------------------------
   0.00    0.00 ^ mod.b2_$_DFF_P__Q/CLK (DFFHQNx1_ASAP7_75t_SL)
  52.19   52.19 ^ mod.b2_$_DFF_P__Q/QN (DFFHQNx1_ASAP7_75t_SL)
  34.97   87.15 v mod.a2_$_DFF_P__Q_QN_XNOR2x2_ASAP7_75t_SL_A/Y (XNOR2x2_ASAP7_75t_SL)
  26.75  113.91 v mod.x[3]_XOR2x2_ASAP7_75t_SL_Y_A_OR2x2_ASAP7_75t_SL_A/Y (OR2x2_ASAP7_75t_SL)
  30.29  144.20 v mod.b3_$_DFF_P__Q_QN_AND2x2_ASAP7_75t_SL_A_Y_OA22x2_ASAP7_75t_SL_A1/Y (OA22x2_ASAP7_75t_SL)
  34.08  178.28 v mod.x[7]_OR4x2_ASAP7_75t_SL_Y_A_OA221x2_ASAP7_75t_SL_Y/Y (OA221x2_ASAP7_75t_SL)
  35.49  213.77 v mod.x[7]_OR4x2_ASAP7_75t_SL_Y/Y (OR4x2_ASAP7_75t_SL)
   0.00  213.77 v x7_$_DFF_P__Q/D (DFFHQNx1_ASAP7_75t_SL)
         213.77   data arrival time
---------------------------------------------------------
(Path is unconstrained)


