Warning: bazel-out/k8-fastbuild/bin/external/org_theopenroadproject_asap7sc7p5t_28/asap7-sc7p5t_rev28_slvt-ccs_tt-nofa_TT.lib line 2847109, when attribute inside table model.
Warning: bazel-out/k8-fastbuild/bin/external/org_theopenroadproject_asap7sc7p5t_28/asap7-sc7p5t_rev28_slvt-ccs_tt-nofa_TT.lib line 2847585, when attribute inside table model.
Warning: bazel-out/k8-fastbuild/bin/external/org_theopenroadproject_asap7sc7p5t_28/asap7-sc7p5t_rev28_slvt-ccs_tt-nofa_TT.lib line 2848061, when attribute inside table model.
Warning: bazel-out/k8-fastbuild/bin/external/org_theopenroadproject_asap7sc7p5t_28/asap7-sc7p5t_rev28_slvt-ccs_tt-nofa_TT.lib line 2848537, when attribute inside table model.
Warning: bazel-out/k8-fastbuild/bin/external/org_theopenroadproject_asap7sc7p5t_28/asap7-sc7p5t_rev28_slvt-ccs_tt-nofa_TT.lib line 2849013, when attribute inside table model.
Warning: bazel-out/k8-fastbuild/bin/external/org_theopenroadproject_asap7sc7p5t_28/asap7-sc7p5t_rev28_slvt-ccs_tt-nofa_TT.lib line 2850429, when attribute inside table model.
Warning: bazel-out/k8-fastbuild/bin/external/org_theopenroadproject_asap7sc7p5t_28/asap7-sc7p5t_rev28_slvt-ccs_tt-nofa_TT.lib line 2846628, timing group from output port.
Warning: bazel-out/k8-fastbuild/bin/external/org_theopenroadproject_asap7sc7p5t_28/asap7-sc7p5t_rev28_slvt-ccs_tt-nofa_TT.lib line 2847104, timing group from output port.
Warning: bazel-out/k8-fastbuild/bin/external/org_theopenroadproject_asap7sc7p5t_28/asap7-sc7p5t_rev28_slvt-ccs_tt-nofa_TT.lib line 2847580, timing group from output port.
Warning: bazel-out/k8-fastbuild/bin/external/org_theopenroadproject_asap7sc7p5t_28/asap7-sc7p5t_rev28_slvt-ccs_tt-nofa_TT.lib line 2848056, timing group from output port.
Warning: bazel-out/k8-fastbuild/bin/external/org_theopenroadproject_asap7sc7p5t_28/asap7-sc7p5t_rev28_slvt-ccs_tt-nofa_TT.lib line 2848532, timing group from output port.
Warning: bazel-out/k8-fastbuild/bin/external/org_theopenroadproject_asap7sc7p5t_28/asap7-sc7p5t_rev28_slvt-ccs_tt-nofa_TT.lib line 2849008, timing group from output port.
Warning: bazel-out/k8-fastbuild/bin/external/org_theopenroadproject_asap7sc7p5t_28/asap7-sc7p5t_rev28_slvt-ccs_tt-nofa_TT.lib line 2849484, timing group from output port.
Warning: bazel-out/k8-fastbuild/bin/external/org_theopenroadproject_asap7sc7p5t_28/asap7-sc7p5t_rev28_slvt-ccs_tt-nofa_TT.lib line 2857874, when attribute inside table model.
Warning: bazel-out/k8-fastbuild/bin/external/org_theopenroadproject_asap7sc7p5t_28/asap7-sc7p5t_rev28_slvt-ccs_tt-nofa_TT.lib line 2859290, when attribute inside table model.
Warning: bazel-out/k8-fastbuild/bin/external/org_theopenroadproject_asap7sc7p5t_28/asap7-sc7p5t_rev28_slvt-ccs_tt-nofa_TT.lib line 2857393, timing group from output port.
Warning: bazel-out/k8-fastbuild/bin/external/org_theopenroadproject_asap7sc7p5t_28/asap7-sc7p5t_rev28_slvt-ccs_tt-nofa_TT.lib line 2857869, timing group from output port.
Warning: bazel-out/k8-fastbuild/bin/external/org_theopenroadproject_asap7sc7p5t_28/asap7-sc7p5t_rev28_slvt-ccs_tt-nofa_TT.lib line 2858345, timing group from output port.
Startpoint: mod.b2_$_DFF_P__Q (rising edge-triggered flip-flop)
Endpoint: x7_$_DFF_P__Q (rising edge-triggered flip-flop)
Path Group: unconstrained
Path Type: max

  Delay    Time   Description
---------------------------------------------------------
   0.00    0.00 ^ mod.b2_$_DFF_P__Q/CLK (DFFHQNx1_ASAP7_75t_SL)
  38.63   38.63 ^ mod.b2_$_DFF_P__Q/QN (DFFHQNx1_ASAP7_75t_SL)
  24.99   63.62 v mod.a2_$_DFF_P__Q_QN_XNOR2x2_ASAP7_75t_SL_A/Y (XNOR2x2_ASAP7_75t_SL)
  19.15   82.76 v mod.x[3]_XOR2x2_ASAP7_75t_SL_Y_A_OR2x2_ASAP7_75t_SL_A/Y (OR2x2_ASAP7_75t_SL)
  22.04  104.80 v mod.b3_$_DFF_P__Q_QN_AND2x2_ASAP7_75t_SL_A_Y_OA22x2_ASAP7_75t_SL_A1/Y (OA22x2_ASAP7_75t_SL)
  24.86  129.67 v mod.x[7]_OR4x2_ASAP7_75t_SL_Y_A_OA221x2_ASAP7_75t_SL_Y/Y (OA221x2_ASAP7_75t_SL)
  24.53  154.20 v mod.x[7]_OR4x2_ASAP7_75t_SL_Y/Y (OR4x2_ASAP7_75t_SL)
   0.00  154.20 v x7_$_DFF_P__Q/D (DFFHQNx1_ASAP7_75t_SL)
         154.20   data arrival time
---------------------------------------------------------
(Path is unconstrained)


