Warning: bazel-out/k8-fastbuild/bin/external/org_theopenroadproject_asap7sc7p5t_28/asap7-sc7p5t_rev28_rvt-ccs_ff-nofa_FF.lib line 2847035, when attribute inside table model.
Warning: bazel-out/k8-fastbuild/bin/external/org_theopenroadproject_asap7sc7p5t_28/asap7-sc7p5t_rev28_rvt-ccs_ff-nofa_FF.lib line 2847511, when attribute inside table model.
Warning: bazel-out/k8-fastbuild/bin/external/org_theopenroadproject_asap7sc7p5t_28/asap7-sc7p5t_rev28_rvt-ccs_ff-nofa_FF.lib line 2847987, when attribute inside table model.
Warning: bazel-out/k8-fastbuild/bin/external/org_theopenroadproject_asap7sc7p5t_28/asap7-sc7p5t_rev28_rvt-ccs_ff-nofa_FF.lib line 2848463, when attribute inside table model.
Warning: bazel-out/k8-fastbuild/bin/external/org_theopenroadproject_asap7sc7p5t_28/asap7-sc7p5t_rev28_rvt-ccs_ff-nofa_FF.lib line 2848939, when attribute inside table model.
Warning: bazel-out/k8-fastbuild/bin/external/org_theopenroadproject_asap7sc7p5t_28/asap7-sc7p5t_rev28_rvt-ccs_ff-nofa_FF.lib line 2850355, when attribute inside table model.
Warning: bazel-out/k8-fastbuild/bin/external/org_theopenroadproject_asap7sc7p5t_28/asap7-sc7p5t_rev28_rvt-ccs_ff-nofa_FF.lib line 2846554, timing group from output port.
Warning: bazel-out/k8-fastbuild/bin/external/org_theopenroadproject_asap7sc7p5t_28/asap7-sc7p5t_rev28_rvt-ccs_ff-nofa_FF.lib line 2847030, timing group from output port.
Warning: bazel-out/k8-fastbuild/bin/external/org_theopenroadproject_asap7sc7p5t_28/asap7-sc7p5t_rev28_rvt-ccs_ff-nofa_FF.lib line 2847506, timing group from output port.
Warning: bazel-out/k8-fastbuild/bin/external/org_theopenroadproject_asap7sc7p5t_28/asap7-sc7p5t_rev28_rvt-ccs_ff-nofa_FF.lib line 2847982, timing group from output port.
Warning: bazel-out/k8-fastbuild/bin/external/org_theopenroadproject_asap7sc7p5t_28/asap7-sc7p5t_rev28_rvt-ccs_ff-nofa_FF.lib line 2848458, timing group from output port.
Warning: bazel-out/k8-fastbuild/bin/external/org_theopenroadproject_asap7sc7p5t_28/asap7-sc7p5t_rev28_rvt-ccs_ff-nofa_FF.lib line 2848934, timing group from output port.
Warning: bazel-out/k8-fastbuild/bin/external/org_theopenroadproject_asap7sc7p5t_28/asap7-sc7p5t_rev28_rvt-ccs_ff-nofa_FF.lib line 2849410, timing group from output port.
Warning: bazel-out/k8-fastbuild/bin/external/org_theopenroadproject_asap7sc7p5t_28/asap7-sc7p5t_rev28_rvt-ccs_ff-nofa_FF.lib line 2857800, when attribute inside table model.
Warning: bazel-out/k8-fastbuild/bin/external/org_theopenroadproject_asap7sc7p5t_28/asap7-sc7p5t_rev28_rvt-ccs_ff-nofa_FF.lib line 2859216, when attribute inside table model.
Warning: bazel-out/k8-fastbuild/bin/external/org_theopenroadproject_asap7sc7p5t_28/asap7-sc7p5t_rev28_rvt-ccs_ff-nofa_FF.lib line 2857319, timing group from output port.
Warning: bazel-out/k8-fastbuild/bin/external/org_theopenroadproject_asap7sc7p5t_28/asap7-sc7p5t_rev28_rvt-ccs_ff-nofa_FF.lib line 2857795, timing group from output port.
Warning: bazel-out/k8-fastbuild/bin/external/org_theopenroadproject_asap7sc7p5t_28/asap7-sc7p5t_rev28_rvt-ccs_ff-nofa_FF.lib line 2858271, timing group from output port.
Startpoint: mod.b2_$_DFF_P__Q (rising edge-triggered flip-flop)
Endpoint: x7_$_DFF_P__Q (rising edge-triggered flip-flop)
Path Group: unconstrained
Path Type: max

  Delay    Time   Description
---------------------------------------------------------
   0.00    0.00 ^ mod.b2_$_DFF_P__Q/CLK (DFFHQNx1_ASAP7_75t_R)
  40.94   40.94 ^ mod.b2_$_DFF_P__Q/QN (DFFHQNx1_ASAP7_75t_R)
  33.55   74.49 v mod.a2_$_DFF_P__Q_QN_XNOR2x2_ASAP7_75t_R_A/Y (XNOR2x2_ASAP7_75t_R)
  23.97   98.46 v mod.x[3]_XOR2x2_ASAP7_75t_R_Y_A_OR2x2_ASAP7_75t_R_A/Y (OR2x2_ASAP7_75t_R)
  24.60  123.05 v mod.b3_$_DFF_P__Q_QN_AND2x2_ASAP7_75t_R_A_Y_OA22x2_ASAP7_75t_R_A1/Y (OA22x2_ASAP7_75t_R)
  27.55  150.61 v mod.x[7]_OR4x2_ASAP7_75t_R_Y_A_OA221x2_ASAP7_75t_R_Y/Y (OA221x2_ASAP7_75t_R)
  31.94  182.55 v mod.x[7]_OR4x2_ASAP7_75t_R_Y/Y (OR4x2_ASAP7_75t_R)
   0.00  182.55 v x7_$_DFF_P__Q/D (DFFHQNx1_ASAP7_75t_R)
         182.55   data arrival time
---------------------------------------------------------
(Path is unconstrained)


