Warning: bazel-out/k8-fastbuild/bin/external/com_google_skywater_pdk_sky130_fd_sc_hd/timing/sky130_fd_sc_hd__ff_n40C_1v76.lib line 23, default_fanout_load is 0.0.
Startpoint: mod.b0_$_DFF_P__Q (rising edge-triggered flip-flop)
Endpoint: x7_$_DFF_P__Q (rising edge-triggered flip-flop)
Path Group: unconstrained
Path Type: max

  Delay    Time   Description
---------------------------------------------------------
   0.00    0.00 ^ mod.b0_$_DFF_P__Q/CLK (sky130_fd_sc_hd__dfxtp_1)
   0.21    0.21 v mod.b0_$_DFF_P__Q/Q (sky130_fd_sc_hd__dfxtp_1)
   0.15    0.35 v mod.b[0]_sky130_fd_sc_hd__ha_1_A/COUT (sky130_fd_sc_hd__ha_1)
   0.05    0.41 ^ mod.x1_$_XNOR__Y_A_sky130_fd_sc_hd__inv_1_Y/Y (sky130_fd_sc_hd__inv_1)
   0.16    0.57 ^ mod.x1_$_XNOR__Y_A_sky130_fd_sc_hd__fa_1_CIN/COUT (sky130_fd_sc_hd__fa_1)
   0.10    0.67 v mod.b[3]_sky130_fd_sc_hd__ha_1_A_COUT_sky130_fd_sc_hd__a21oi_2_B1_Y_sky130_fd_sc_hd__o21ai_1_B1/Y (sky130_fd_sc_hd__o21ai_1)
   0.20    0.87 v mod.b[5]_sky130_fd_sc_hd__ha_1_A_COUT_sky130_fd_sc_hd__a21o_1_B1_X_sky130_fd_sc_hd__a31o_1_B1/X (sky130_fd_sc_hd__a31o_1)
   0.25    1.12 v mod.x[6]_sky130_fd_sc_hd__inv_1_Y_A_sky130_fd_sc_hd__fa_1_SUM/COUT (sky130_fd_sc_hd__fa_1)
   0.14    1.26 ^ mod.b[7]_sky130_fd_sc_hd__xnor2_1_A/Y (sky130_fd_sc_hd__xnor2_1)
   0.09    1.35 ^ mod.a[7]_sky130_fd_sc_hd__xnor2_1_A/Y (sky130_fd_sc_hd__xnor2_1)
   0.00    1.35 ^ x7_$_DFF_P__Q/D (sky130_fd_sc_hd__dfxtp_1)
           1.35   data arrival time
---------------------------------------------------------
(Path is unconstrained)


