Warning: bazel-out/k8-fastbuild/bin/external/org_theopenroadproject_asap7sc7p5t_28/asap7-sc7p5t_rev28_lvt-ccs_tt-opt_TT.lib line 2847109, when attribute inside table model.
Warning: bazel-out/k8-fastbuild/bin/external/org_theopenroadproject_asap7sc7p5t_28/asap7-sc7p5t_rev28_lvt-ccs_tt-opt_TT.lib line 2847585, when attribute inside table model.
Warning: bazel-out/k8-fastbuild/bin/external/org_theopenroadproject_asap7sc7p5t_28/asap7-sc7p5t_rev28_lvt-ccs_tt-opt_TT.lib line 2848061, when attribute inside table model.
Warning: bazel-out/k8-fastbuild/bin/external/org_theopenroadproject_asap7sc7p5t_28/asap7-sc7p5t_rev28_lvt-ccs_tt-opt_TT.lib line 2848537, when attribute inside table model.
Warning: bazel-out/k8-fastbuild/bin/external/org_theopenroadproject_asap7sc7p5t_28/asap7-sc7p5t_rev28_lvt-ccs_tt-opt_TT.lib line 2849013, when attribute inside table model.
Warning: bazel-out/k8-fastbuild/bin/external/org_theopenroadproject_asap7sc7p5t_28/asap7-sc7p5t_rev28_lvt-ccs_tt-opt_TT.lib line 2850429, when attribute inside table model.
Warning: bazel-out/k8-fastbuild/bin/external/org_theopenroadproject_asap7sc7p5t_28/asap7-sc7p5t_rev28_lvt-ccs_tt-opt_TT.lib line 2846628, timing group from output port.
Warning: bazel-out/k8-fastbuild/bin/external/org_theopenroadproject_asap7sc7p5t_28/asap7-sc7p5t_rev28_lvt-ccs_tt-opt_TT.lib line 2847104, timing group from output port.
Warning: bazel-out/k8-fastbuild/bin/external/org_theopenroadproject_asap7sc7p5t_28/asap7-sc7p5t_rev28_lvt-ccs_tt-opt_TT.lib line 2847580, timing group from output port.
Warning: bazel-out/k8-fastbuild/bin/external/org_theopenroadproject_asap7sc7p5t_28/asap7-sc7p5t_rev28_lvt-ccs_tt-opt_TT.lib line 2848056, timing group from output port.
Warning: bazel-out/k8-fastbuild/bin/external/org_theopenroadproject_asap7sc7p5t_28/asap7-sc7p5t_rev28_lvt-ccs_tt-opt_TT.lib line 2848532, timing group from output port.
Warning: bazel-out/k8-fastbuild/bin/external/org_theopenroadproject_asap7sc7p5t_28/asap7-sc7p5t_rev28_lvt-ccs_tt-opt_TT.lib line 2849008, timing group from output port.
Warning: bazel-out/k8-fastbuild/bin/external/org_theopenroadproject_asap7sc7p5t_28/asap7-sc7p5t_rev28_lvt-ccs_tt-opt_TT.lib line 2849484, timing group from output port.
Warning: bazel-out/k8-fastbuild/bin/external/org_theopenroadproject_asap7sc7p5t_28/asap7-sc7p5t_rev28_lvt-ccs_tt-opt_TT.lib line 2857874, when attribute inside table model.
Warning: bazel-out/k8-fastbuild/bin/external/org_theopenroadproject_asap7sc7p5t_28/asap7-sc7p5t_rev28_lvt-ccs_tt-opt_TT.lib line 2859290, when attribute inside table model.
Warning: bazel-out/k8-fastbuild/bin/external/org_theopenroadproject_asap7sc7p5t_28/asap7-sc7p5t_rev28_lvt-ccs_tt-opt_TT.lib line 2857393, timing group from output port.
Warning: bazel-out/k8-fastbuild/bin/external/org_theopenroadproject_asap7sc7p5t_28/asap7-sc7p5t_rev28_lvt-ccs_tt-opt_TT.lib line 2857869, timing group from output port.
Warning: bazel-out/k8-fastbuild/bin/external/org_theopenroadproject_asap7sc7p5t_28/asap7-sc7p5t_rev28_lvt-ccs_tt-opt_TT.lib line 2858345, timing group from output port.
Startpoint: mod.b3_$_DFF_P__Q (rising edge-triggered flip-flop)
Endpoint: x7_$_DFF_P__Q (rising edge-triggered flip-flop)
Path Group: unconstrained
Path Type: max

  Delay    Time   Description
---------------------------------------------------------
   0.00    0.00 ^ mod.b3_$_DFF_P__Q/CLK (DFFHQNx1_ASAP7_75t_L)
  36.40   36.40 v mod.b3_$_DFF_P__Q/QN (DFFHQNx1_ASAP7_75t_L)
   7.51   43.90 ^ mod.b[3]_INVx2_ASAP7_75t_L_Y/Y (INVx2_ASAP7_75t_L)
  56.78  100.68 ^ mod.b[3]_HAxp5_ASAP7_75t_L_A/SN (HAxp5_ASAP7_75t_L)
  13.57  114.25 v mod.x2_$_XNOR__Y_B_NOR2x2_ASAP7_75t_L_B/Y (NOR2x2_ASAP7_75t_L)
  34.06  148.31 v mod.x2_$_XNOR__Y_A_AO221x2_ASAP7_75t_L_B1/Y (AO221x2_ASAP7_75t_L)
  25.00  173.31 v mod.x4_$_XOR__Y_B_NOR2x2_ASAP7_75t_L_B_Y_AO21x2_ASAP7_75t_L_A2/Y (AO21x2_ASAP7_75t_L)
  19.12  192.43 ^ mod.x[6]_FAx1_ASAP7_75t_L_SN/CON (FAx1_ASAP7_75t_L)
  30.19  222.62 v mod.x[7]_XNOR2x2_ASAP7_75t_L_Y/Y (XNOR2x2_ASAP7_75t_L)
   0.00  222.62 v x7_$_DFF_P__Q/D (DFFHQNx1_ASAP7_75t_L)
         222.62   data arrival time
---------------------------------------------------------
(Path is unconstrained)


