Warning: bazel-out/k8-fastbuild/bin/external/com_google_skywater_pdk_sky130_fd_sc_hd/timing/sky130_fd_sc_hd__ff_n40C_1v65.lib line 23, default_fanout_load is 0.0.
Startpoint: mod.b0_$_DFF_P__Q (rising edge-triggered flip-flop)
Endpoint: x7_$_DFF_P__Q (rising edge-triggered flip-flop)
Path Group: unconstrained
Path Type: max

  Delay    Time   Description
---------------------------------------------------------
   0.00    0.00 ^ mod.b0_$_DFF_P__Q/CLK (sky130_fd_sc_hd__dfxtp_1)
   0.37    0.37 ^ mod.b0_$_DFF_P__Q/Q (sky130_fd_sc_hd__dfxtp_1)
   0.07    0.45 v mod.x[0]_sky130_fd_sc_hd__o21ai_0_B1_A1_sky130_fd_sc_hd__xnor3_2_C_A_sky130_fd_sc_hd__nand2_1_Y/Y (sky130_fd_sc_hd__nand2_1)
   0.39    0.83 v mod.x[0]_sky130_fd_sc_hd__o21ai_0_B1_A1_sky130_fd_sc_hd__xnor3_2_C/X (sky130_fd_sc_hd__xnor3_2)
   0.39    1.22 ^ mod.x[4]_sky130_fd_sc_hd__xnor2_1_Y_B_sky130_fd_sc_hd__xnor2_1_Y_B_sky130_fd_sc_hd__xor3_4_X/X (sky130_fd_sc_hd__xor3_4)
   0.04    1.26 v mod.x[3]_sky130_fd_sc_hd__nor2_1_Y_A_sky130_fd_sc_hd__a21o_1_A1_A2_sky130_fd_sc_hd__nand2_1_Y/Y (sky130_fd_sc_hd__nand2_1)
   0.20    1.46 v mod.x[3]_sky130_fd_sc_hd__nor2_1_Y_A_sky130_fd_sc_hd__a21o_1_A1/X (sky130_fd_sc_hd__a21o_1)
   0.21    1.67 v mod.x[7]_sky130_fd_sc_hd__xnor2_1_Y_A_sky130_fd_sc_hd__nor4_2_Y_B_sky130_fd_sc_hd__and3_1_X_C_sky130_fd_sc_hd__a21o_2_X/X (sky130_fd_sc_hd__a21o_2)
   0.15    1.83 v mod.x[7]_sky130_fd_sc_hd__xnor2_1_Y_A_sky130_fd_sc_hd__nor4_2_Y_B_sky130_fd_sc_hd__and3_1_X/X (sky130_fd_sc_hd__and3_1)
   0.25    2.08 ^ mod.x[7]_sky130_fd_sc_hd__xnor2_1_Y_A_sky130_fd_sc_hd__nor4_2_Y/Y (sky130_fd_sc_hd__nor4_2)
   0.11    2.19 ^ mod.x[7]_sky130_fd_sc_hd__xnor2_1_Y/Y (sky130_fd_sc_hd__xnor2_1)
   0.00    2.19 ^ x7_$_DFF_P__Q/D (sky130_fd_sc_hd__dfxtp_1)
           2.19   data arrival time
---------------------------------------------------------
(Path is unconstrained)


