Warning: bazel-out/k8-fastbuild/bin/external/com_google_skywater_pdk_sky130_fd_sc_hd/timing/sky130_fd_sc_hd__ff_n40C_1v56.lib line 23, default_fanout_load is 0.0.
Startpoint: mod.a0_$_DFF_P__Q (rising edge-triggered flip-flop)
Endpoint: x7_$_DFF_P__Q (rising edge-triggered flip-flop)
Path Group: unconstrained
Path Type: max

  Delay    Time   Description
---------------------------------------------------------
   0.00    0.00 ^ mod.a0_$_DFF_P__Q/CLK (sky130_fd_sc_hd__dfxtp_1)
   0.41    0.41 ^ mod.a0_$_DFF_P__Q/Q (sky130_fd_sc_hd__dfxtp_1)
   0.12    0.53 v mod.b[5]_sky130_fd_sc_hd__nand2_1_A/Y (sky130_fd_sc_hd__nand2_1)
   0.58    1.11 ^ mod.x7_$_XOR__Y_B_$_XOR__Y_B_$_XOR__Y_A_$_ANDNOT__Y_B_sky130_fd_sc_hd__fa_1_COUT/SUM (sky130_fd_sc_hd__fa_1)
   0.38    1.50 v mod.x5_$_XOR__Y_B_$_XOR__Y_B_$_XOR__Y_A_$_XOR__Y_B_$_XNOR__Y_B_sky130_fd_sc_hd__fa_1_CIN/SUM (sky130_fd_sc_hd__fa_1)
   0.48    1.97 ^ mod.x5_$_XOR__Y_B_$_XOR__Y_B_sky130_fd_sc_hd__fa_1_SUM/SUM (sky130_fd_sc_hd__fa_1)
   0.03    2.01 v mod.x5_$_XOR__Y_B_$_XOR__Y_B_sky130_fd_sc_hd__inv_1_A/Y (sky130_fd_sc_hd__inv_1)
   0.29    2.29 v mod.x5_$_XOR__Y_B_$_XOR__Y_B_sky130_fd_sc_hd__inv_1_A_Y_sky130_fd_sc_hd__ha_1_A/SUM (sky130_fd_sc_hd__ha_1)
   0.23    2.52 v mod.x[5]_sky130_fd_sc_hd__ha_1_SUM/COUT (sky130_fd_sc_hd__ha_1)
   0.36    2.88 v mod.x[6]_sky130_fd_sc_hd__inv_1_Y_A_sky130_fd_sc_hd__fa_1_SUM/COUT (sky130_fd_sc_hd__fa_1)
   0.25    3.13 ^ mod.x[6]_sky130_fd_sc_hd__inv_1_Y_A_sky130_fd_sc_hd__fa_1_SUM_COUT_sky130_fd_sc_hd__xor2_1_A/X (sky130_fd_sc_hd__xor2_1)
   0.14    3.27 ^ mod.x[7]_sky130_fd_sc_hd__xnor3_1_X_B_sky130_fd_sc_hd__xnor2_2_Y/Y (sky130_fd_sc_hd__xnor2_2)
   0.30    3.57 v mod.x[7]_sky130_fd_sc_hd__xnor3_1_X/X (sky130_fd_sc_hd__xnor3_1)
   0.00    3.57 v x7_$_DFF_P__Q/D (sky130_fd_sc_hd__dfxtp_1)
           3.57   data arrival time
---------------------------------------------------------
(Path is unconstrained)


