Warning: bazel-out/k8-fastbuild/bin/external/org_theopenroadproject_asap7sc7p5t_28/asap7-sc7p5t_rev28_rvt-ccs_tt-nofa_TT.lib line 2847109, when attribute inside table model.
Warning: bazel-out/k8-fastbuild/bin/external/org_theopenroadproject_asap7sc7p5t_28/asap7-sc7p5t_rev28_rvt-ccs_tt-nofa_TT.lib line 2847585, when attribute inside table model.
Warning: bazel-out/k8-fastbuild/bin/external/org_theopenroadproject_asap7sc7p5t_28/asap7-sc7p5t_rev28_rvt-ccs_tt-nofa_TT.lib line 2848061, when attribute inside table model.
Warning: bazel-out/k8-fastbuild/bin/external/org_theopenroadproject_asap7sc7p5t_28/asap7-sc7p5t_rev28_rvt-ccs_tt-nofa_TT.lib line 2848537, when attribute inside table model.
Warning: bazel-out/k8-fastbuild/bin/external/org_theopenroadproject_asap7sc7p5t_28/asap7-sc7p5t_rev28_rvt-ccs_tt-nofa_TT.lib line 2849013, when attribute inside table model.
Warning: bazel-out/k8-fastbuild/bin/external/org_theopenroadproject_asap7sc7p5t_28/asap7-sc7p5t_rev28_rvt-ccs_tt-nofa_TT.lib line 2850429, when attribute inside table model.
Warning: bazel-out/k8-fastbuild/bin/external/org_theopenroadproject_asap7sc7p5t_28/asap7-sc7p5t_rev28_rvt-ccs_tt-nofa_TT.lib line 2846628, timing group from output port.
Warning: bazel-out/k8-fastbuild/bin/external/org_theopenroadproject_asap7sc7p5t_28/asap7-sc7p5t_rev28_rvt-ccs_tt-nofa_TT.lib line 2847104, timing group from output port.
Warning: bazel-out/k8-fastbuild/bin/external/org_theopenroadproject_asap7sc7p5t_28/asap7-sc7p5t_rev28_rvt-ccs_tt-nofa_TT.lib line 2847580, timing group from output port.
Warning: bazel-out/k8-fastbuild/bin/external/org_theopenroadproject_asap7sc7p5t_28/asap7-sc7p5t_rev28_rvt-ccs_tt-nofa_TT.lib line 2848056, timing group from output port.
Warning: bazel-out/k8-fastbuild/bin/external/org_theopenroadproject_asap7sc7p5t_28/asap7-sc7p5t_rev28_rvt-ccs_tt-nofa_TT.lib line 2848532, timing group from output port.
Warning: bazel-out/k8-fastbuild/bin/external/org_theopenroadproject_asap7sc7p5t_28/asap7-sc7p5t_rev28_rvt-ccs_tt-nofa_TT.lib line 2849008, timing group from output port.
Warning: bazel-out/k8-fastbuild/bin/external/org_theopenroadproject_asap7sc7p5t_28/asap7-sc7p5t_rev28_rvt-ccs_tt-nofa_TT.lib line 2849484, timing group from output port.
Warning: bazel-out/k8-fastbuild/bin/external/org_theopenroadproject_asap7sc7p5t_28/asap7-sc7p5t_rev28_rvt-ccs_tt-nofa_TT.lib line 2857874, when attribute inside table model.
Warning: bazel-out/k8-fastbuild/bin/external/org_theopenroadproject_asap7sc7p5t_28/asap7-sc7p5t_rev28_rvt-ccs_tt-nofa_TT.lib line 2859290, when attribute inside table model.
Warning: bazel-out/k8-fastbuild/bin/external/org_theopenroadproject_asap7sc7p5t_28/asap7-sc7p5t_rev28_rvt-ccs_tt-nofa_TT.lib line 2857393, timing group from output port.
Warning: bazel-out/k8-fastbuild/bin/external/org_theopenroadproject_asap7sc7p5t_28/asap7-sc7p5t_rev28_rvt-ccs_tt-nofa_TT.lib line 2857869, timing group from output port.
Warning: bazel-out/k8-fastbuild/bin/external/org_theopenroadproject_asap7sc7p5t_28/asap7-sc7p5t_rev28_rvt-ccs_tt-nofa_TT.lib line 2858345, timing group from output port.
Startpoint: mod.a1_$_DFF_P__Q (rising edge-triggered flip-flop)
Endpoint: x7_$_DFF_P__Q (rising edge-triggered flip-flop)
Path Group: unconstrained
Path Type: max

  Delay    Time   Description
---------------------------------------------------------
   0.00    0.00 ^ mod.a1_$_DFF_P__Q/CLK (DFFHQNx1_ASAP7_75t_R)
  74.53   74.53 v mod.a1_$_DFF_P__Q/QN (DFFHQNx1_ASAP7_75t_R)
  41.17  115.70 v mod.b5_$_DFF_P__Q_QN_OR2x2_ASAP7_75t_R_B_2_Y_MAJx2_ASAP7_75t_R_C_B_OR2x6_ASAP7_75t_R_Y/Y (OR2x6_ASAP7_75t_R)
  29.79  145.49 ^ mod.b5_$_DFF_P__Q_QN_OR2x2_ASAP7_75t_R_B_2_Y_XNOR2x2_ASAP7_75t_R_B/Y (XNOR2x2_ASAP7_75t_R)
  36.62  182.11 v mod.b5_$_DFF_P__Q_QN_OR2x2_ASAP7_75t_R_B_2_Y_XNOR2x2_ASAP7_75t_R_B_Y_XNOR2x2_ASAP7_75t_R_B/Y (XNOR2x2_ASAP7_75t_R)
  29.55  211.66 ^ mod.b5_$_DFF_P__Q_QN_OR2x2_ASAP7_75t_R_B_2_Y_XNOR2x2_ASAP7_75t_R_B_Y_XNOR2x2_ASAP7_75t_R_B_Y_XNOR2x2_ASAP7_75t_R_B/Y (XNOR2x2_ASAP7_75t_R)
  40.15  251.81 v mod.a5_$_DFF_P__Q_QN_OR2x2_ASAP7_75t_R_B_2_Y_XNOR2x2_ASAP7_75t_R_A_Y_XNOR2x2_ASAP7_75t_R_B_Y_XNOR2x2_ASAP7_75t_R_A/Y (XNOR2x2_ASAP7_75t_R)
  39.28  291.09 v mod.x[6]_XNOR2x2_ASAP7_75t_R_Y_B_OR2x2_ASAP7_75t_R_Y_B_NOR2x2_ASAP7_75t_R_Y_B_OR3x2_ASAP7_75t_R_Y/Y (OR3x2_ASAP7_75t_R)
  35.40  326.49 v mod.x[7]_XNOR2x2_ASAP7_75t_R_Y_A_OA211x2_ASAP7_75t_R_Y_C_OA21x2_ASAP7_75t_R_Y_B_OR3x2_ASAP7_75t_R_Y/Y (OR3x2_ASAP7_75t_R)
  17.01  343.50 v mod.x[7]_XNOR2x2_ASAP7_75t_R_Y_A_OA211x2_ASAP7_75t_R_Y_C_OA21x2_ASAP7_75t_R_Y/Y (OA21x2_ASAP7_75t_R)
  36.63  380.13 v mod.x[7]_XNOR2x2_ASAP7_75t_R_Y_A_OA211x2_ASAP7_75t_R_Y/Y (OA211x2_ASAP7_75t_R)
  29.26  409.39 ^ mod.x[7]_XNOR2x2_ASAP7_75t_R_Y/Y (XNOR2x2_ASAP7_75t_R)
   0.00  409.39 ^ x7_$_DFF_P__Q/D (DFFHQNx1_ASAP7_75t_R)
         409.39   data arrival time
---------------------------------------------------------
(Path is unconstrained)


