Warning: bazel-out/k8-fastbuild/bin/external/com_google_skywater_pdk_sky130_fd_sc_hd/timing/sky130_fd_sc_hd__ss_n40C_1v40.lib line 24, default_fanout_load is 0.0.
Startpoint: mod.b0_$_DFF_P__Q (rising edge-triggered flip-flop)
Endpoint: x7_$_DFF_P__Q (rising edge-triggered flip-flop)
Path Group: unconstrained
Path Type: max

  Delay    Time   Description
---------------------------------------------------------
   0.00    0.00 ^ mod.b0_$_DFF_P__Q/CLK (sky130_fd_sc_hd__dfxtp_1)
   2.21    2.21 ^ mod.b0_$_DFF_P__Q/Q (sky130_fd_sc_hd__dfxtp_1)
   0.73    2.95 v mod.x[2]_sky130_fd_sc_hd__a31oi_1_Y_A3_sky130_fd_sc_hd__o22ai_1_Y_A2_sky130_fd_sc_hd__nand2_1_Y/Y (sky130_fd_sc_hd__nand2_1)
   1.89    4.84 v mod.x[2]_sky130_fd_sc_hd__a31oi_1_Y_A3_sky130_fd_sc_hd__o22ai_1_Y_A2_sky130_fd_sc_hd__maj3_1_B/X (sky130_fd_sc_hd__maj3_1)
   1.74    6.58 v mod.x[3]_sky130_fd_sc_hd__nor2_1_Y_A_sky130_fd_sc_hd__and2_2_X_B_sky130_fd_sc_hd__xnor3_1_X/X (sky130_fd_sc_hd__xnor3_1)
   0.90    7.47 v mod.x[3]_sky130_fd_sc_hd__nor2_1_Y_A_sky130_fd_sc_hd__and2_2_X/X (sky130_fd_sc_hd__and2_2)
   0.90    8.38 v mod.x[3]_sky130_fd_sc_hd__nor2_1_Y_A_sky130_fd_sc_hd__a21o_2_A1/X (sky130_fd_sc_hd__a21o_2)
   0.88    9.26 v mod.x[7]_sky130_fd_sc_hd__xnor2_1_Y_A_sky130_fd_sc_hd__nor4_2_Y_B_sky130_fd_sc_hd__and3_1_X_C_sky130_fd_sc_hd__a21o_2_X/X (sky130_fd_sc_hd__a21o_2)
   0.73    9.99 v mod.x[7]_sky130_fd_sc_hd__xnor2_1_Y_A_sky130_fd_sc_hd__nor4_2_Y_B_sky130_fd_sc_hd__and3_1_X/X (sky130_fd_sc_hd__and3_1)
   1.09   11.08 ^ mod.x[7]_sky130_fd_sc_hd__xnor2_1_Y_A_sky130_fd_sc_hd__nor4_2_Y/Y (sky130_fd_sc_hd__nor4_2)
   0.62   11.71 ^ mod.x[7]_sky130_fd_sc_hd__xnor2_1_Y/Y (sky130_fd_sc_hd__xnor2_1)
   0.00   11.71 ^ x7_$_DFF_P__Q/D (sky130_fd_sc_hd__dfxtp_1)
          11.71   data arrival time
---------------------------------------------------------
(Path is unconstrained)


