Warning: bazel-out/k8-fastbuild/bin/external/org_theopenroadproject_asap7sc7p5t_28/asap7-sc7p5t_rev28_slvt-ccs_tt-nofa_TT.lib line 2847109, when attribute inside table model.
Warning: bazel-out/k8-fastbuild/bin/external/org_theopenroadproject_asap7sc7p5t_28/asap7-sc7p5t_rev28_slvt-ccs_tt-nofa_TT.lib line 2847585, when attribute inside table model.
Warning: bazel-out/k8-fastbuild/bin/external/org_theopenroadproject_asap7sc7p5t_28/asap7-sc7p5t_rev28_slvt-ccs_tt-nofa_TT.lib line 2848061, when attribute inside table model.
Warning: bazel-out/k8-fastbuild/bin/external/org_theopenroadproject_asap7sc7p5t_28/asap7-sc7p5t_rev28_slvt-ccs_tt-nofa_TT.lib line 2848537, when attribute inside table model.
Warning: bazel-out/k8-fastbuild/bin/external/org_theopenroadproject_asap7sc7p5t_28/asap7-sc7p5t_rev28_slvt-ccs_tt-nofa_TT.lib line 2849013, when attribute inside table model.
Warning: bazel-out/k8-fastbuild/bin/external/org_theopenroadproject_asap7sc7p5t_28/asap7-sc7p5t_rev28_slvt-ccs_tt-nofa_TT.lib line 2850429, when attribute inside table model.
Warning: bazel-out/k8-fastbuild/bin/external/org_theopenroadproject_asap7sc7p5t_28/asap7-sc7p5t_rev28_slvt-ccs_tt-nofa_TT.lib line 2846628, timing group from output port.
Warning: bazel-out/k8-fastbuild/bin/external/org_theopenroadproject_asap7sc7p5t_28/asap7-sc7p5t_rev28_slvt-ccs_tt-nofa_TT.lib line 2847104, timing group from output port.
Warning: bazel-out/k8-fastbuild/bin/external/org_theopenroadproject_asap7sc7p5t_28/asap7-sc7p5t_rev28_slvt-ccs_tt-nofa_TT.lib line 2847580, timing group from output port.
Warning: bazel-out/k8-fastbuild/bin/external/org_theopenroadproject_asap7sc7p5t_28/asap7-sc7p5t_rev28_slvt-ccs_tt-nofa_TT.lib line 2848056, timing group from output port.
Warning: bazel-out/k8-fastbuild/bin/external/org_theopenroadproject_asap7sc7p5t_28/asap7-sc7p5t_rev28_slvt-ccs_tt-nofa_TT.lib line 2848532, timing group from output port.
Warning: bazel-out/k8-fastbuild/bin/external/org_theopenroadproject_asap7sc7p5t_28/asap7-sc7p5t_rev28_slvt-ccs_tt-nofa_TT.lib line 2849008, timing group from output port.
Warning: bazel-out/k8-fastbuild/bin/external/org_theopenroadproject_asap7sc7p5t_28/asap7-sc7p5t_rev28_slvt-ccs_tt-nofa_TT.lib line 2849484, timing group from output port.
Warning: bazel-out/k8-fastbuild/bin/external/org_theopenroadproject_asap7sc7p5t_28/asap7-sc7p5t_rev28_slvt-ccs_tt-nofa_TT.lib line 2857874, when attribute inside table model.
Warning: bazel-out/k8-fastbuild/bin/external/org_theopenroadproject_asap7sc7p5t_28/asap7-sc7p5t_rev28_slvt-ccs_tt-nofa_TT.lib line 2859290, when attribute inside table model.
Warning: bazel-out/k8-fastbuild/bin/external/org_theopenroadproject_asap7sc7p5t_28/asap7-sc7p5t_rev28_slvt-ccs_tt-nofa_TT.lib line 2857393, timing group from output port.
Warning: bazel-out/k8-fastbuild/bin/external/org_theopenroadproject_asap7sc7p5t_28/asap7-sc7p5t_rev28_slvt-ccs_tt-nofa_TT.lib line 2857869, timing group from output port.
Warning: bazel-out/k8-fastbuild/bin/external/org_theopenroadproject_asap7sc7p5t_28/asap7-sc7p5t_rev28_slvt-ccs_tt-nofa_TT.lib line 2858345, timing group from output port.
Startpoint: mod.a0_$_DFF_P__Q (rising edge-triggered flip-flop)
Endpoint: x7_$_DFF_P__Q (rising edge-triggered flip-flop)
Path Group: unconstrained
Path Type: max

  Delay    Time   Description
---------------------------------------------------------
   0.00    0.00 ^ mod.a0_$_DFF_P__Q/CLK (DFFHQNx1_ASAP7_75t_SL)
  53.13   53.13 v mod.a0_$_DFF_P__Q/QN (DFFHQNx1_ASAP7_75t_SL)
  26.04   79.17 v mod.b5_$_DFF_P__Q_QN_OR2x6_ASAP7_75t_SL_B/Y (OR2x6_ASAP7_75t_SL)
  19.58   98.75 ^ mod.b5_$_DFF_P__Q_QN_OR2x6_ASAP7_75t_SL_B_Y_XNOR2x2_ASAP7_75t_SL_B/Y (XNOR2x2_ASAP7_75t_SL)
  23.97  122.72 v mod.b5_$_DFF_P__Q_QN_OR2x6_ASAP7_75t_SL_B_Y_XNOR2x2_ASAP7_75t_SL_B_Y_XNOR2x2_ASAP7_75t_SL_B/Y (XNOR2x2_ASAP7_75t_SL)
  19.50  142.22 ^ mod.b5_$_DFF_P__Q_QN_OR2x6_ASAP7_75t_SL_B_Y_XNOR2x2_ASAP7_75t_SL_B_Y_XNOR2x2_ASAP7_75t_SL_B_Y_XNOR2x2_ASAP7_75t_SL_B/Y (XNOR2x2_ASAP7_75t_SL)
  26.66  168.88 v mod.a5_$_DFF_P__Q_QN_OR2x2_ASAP7_75t_SL_B_2_Y_XNOR2x2_ASAP7_75t_SL_A_Y_XNOR2x2_ASAP7_75t_SL_B_Y_XNOR2x2_ASAP7_75t_SL_A/Y (XNOR2x2_ASAP7_75t_SL)
  25.64  194.51 v mod.x[6]_XNOR2x2_ASAP7_75t_SL_Y_B_OR2x2_ASAP7_75t_SL_Y_B_NOR2x2_ASAP7_75t_SL_Y_B_OR3x2_ASAP7_75t_SL_Y/Y (OR3x2_ASAP7_75t_SL)
  21.37  215.88 v mod.x[7]_XNOR2x2_ASAP7_75t_SL_Y_A_OA211x2_ASAP7_75t_SL_Y_C_OA21x2_ASAP7_75t_SL_Y_B_OR3x2_ASAP7_75t_SL_Y/Y (OR3x2_ASAP7_75t_SL)
  11.43  227.31 v mod.x[7]_XNOR2x2_ASAP7_75t_SL_Y_A_OA211x2_ASAP7_75t_SL_Y_C_OA21x2_ASAP7_75t_SL_Y/Y (OA21x2_ASAP7_75t_SL)
  25.38  252.69 v mod.x[7]_XNOR2x2_ASAP7_75t_SL_Y_A_OA211x2_ASAP7_75t_SL_Y/Y (OA211x2_ASAP7_75t_SL)
  18.82  271.51 ^ mod.x[7]_XNOR2x2_ASAP7_75t_SL_Y/Y (XNOR2x2_ASAP7_75t_SL)
   0.00  271.51 ^ x7_$_DFF_P__Q/D (DFFHQNx1_ASAP7_75t_SL)
         271.51   data arrival time
---------------------------------------------------------
(Path is unconstrained)


