Warning: bazel-out/k8-fastbuild/bin/external/org_theopenroadproject_asap7sc7p5t_28/asap7-sc7p5t_rev28_lvt-ccs_ff-brentkung_FF.lib line 2847013, when attribute inside table model.
Warning: bazel-out/k8-fastbuild/bin/external/org_theopenroadproject_asap7sc7p5t_28/asap7-sc7p5t_rev28_lvt-ccs_ff-brentkung_FF.lib line 2847489, when attribute inside table model.
Warning: bazel-out/k8-fastbuild/bin/external/org_theopenroadproject_asap7sc7p5t_28/asap7-sc7p5t_rev28_lvt-ccs_ff-brentkung_FF.lib line 2847965, when attribute inside table model.
Warning: bazel-out/k8-fastbuild/bin/external/org_theopenroadproject_asap7sc7p5t_28/asap7-sc7p5t_rev28_lvt-ccs_ff-brentkung_FF.lib line 2848441, when attribute inside table model.
Warning: bazel-out/k8-fastbuild/bin/external/org_theopenroadproject_asap7sc7p5t_28/asap7-sc7p5t_rev28_lvt-ccs_ff-brentkung_FF.lib line 2848917, when attribute inside table model.
Warning: bazel-out/k8-fastbuild/bin/external/org_theopenroadproject_asap7sc7p5t_28/asap7-sc7p5t_rev28_lvt-ccs_ff-brentkung_FF.lib line 2850333, when attribute inside table model.
Warning: bazel-out/k8-fastbuild/bin/external/org_theopenroadproject_asap7sc7p5t_28/asap7-sc7p5t_rev28_lvt-ccs_ff-brentkung_FF.lib line 2846532, timing group from output port.
Warning: bazel-out/k8-fastbuild/bin/external/org_theopenroadproject_asap7sc7p5t_28/asap7-sc7p5t_rev28_lvt-ccs_ff-brentkung_FF.lib line 2847008, timing group from output port.
Warning: bazel-out/k8-fastbuild/bin/external/org_theopenroadproject_asap7sc7p5t_28/asap7-sc7p5t_rev28_lvt-ccs_ff-brentkung_FF.lib line 2847484, timing group from output port.
Warning: bazel-out/k8-fastbuild/bin/external/org_theopenroadproject_asap7sc7p5t_28/asap7-sc7p5t_rev28_lvt-ccs_ff-brentkung_FF.lib line 2847960, timing group from output port.
Warning: bazel-out/k8-fastbuild/bin/external/org_theopenroadproject_asap7sc7p5t_28/asap7-sc7p5t_rev28_lvt-ccs_ff-brentkung_FF.lib line 2848436, timing group from output port.
Warning: bazel-out/k8-fastbuild/bin/external/org_theopenroadproject_asap7sc7p5t_28/asap7-sc7p5t_rev28_lvt-ccs_ff-brentkung_FF.lib line 2848912, timing group from output port.
Warning: bazel-out/k8-fastbuild/bin/external/org_theopenroadproject_asap7sc7p5t_28/asap7-sc7p5t_rev28_lvt-ccs_ff-brentkung_FF.lib line 2849388, timing group from output port.
Warning: bazel-out/k8-fastbuild/bin/external/org_theopenroadproject_asap7sc7p5t_28/asap7-sc7p5t_rev28_lvt-ccs_ff-brentkung_FF.lib line 2857776, when attribute inside table model.
Warning: bazel-out/k8-fastbuild/bin/external/org_theopenroadproject_asap7sc7p5t_28/asap7-sc7p5t_rev28_lvt-ccs_ff-brentkung_FF.lib line 2859192, when attribute inside table model.
Warning: bazel-out/k8-fastbuild/bin/external/org_theopenroadproject_asap7sc7p5t_28/asap7-sc7p5t_rev28_lvt-ccs_ff-brentkung_FF.lib line 2857295, timing group from output port.
Warning: bazel-out/k8-fastbuild/bin/external/org_theopenroadproject_asap7sc7p5t_28/asap7-sc7p5t_rev28_lvt-ccs_ff-brentkung_FF.lib line 2857771, timing group from output port.
Warning: bazel-out/k8-fastbuild/bin/external/org_theopenroadproject_asap7sc7p5t_28/asap7-sc7p5t_rev28_lvt-ccs_ff-brentkung_FF.lib line 2858247, timing group from output port.
Startpoint: mod.b0_$_DFF_P__Q (rising edge-triggered flip-flop)
Endpoint: x7_$_DFF_P__Q (rising edge-triggered flip-flop)
Path Group: unconstrained
Path Type: max

  Delay    Time   Description
---------------------------------------------------------
   0.00    0.00 ^ mod.b0_$_DFF_P__Q/CLK (DFFHQNx1_ASAP7_75t_L)
  50.68   50.68 ^ mod.b0_$_DFF_P__Q/QN (DFFHQNx1_ASAP7_75t_L)
  14.24   64.92 v mod.x6_$_XNOR__Y_B_$_XOR__Y_B_$_XOR__Y_B_$_XNOR__Y_B_$_XOR__Y_B_$_XOR__Y_B_$_XOR__Y_A_$_ANDNOT__Y_A_HAxp5_ASAP7_75t_L_CON_B_NOR2x2_ASAP7_75t_L_Y/Y (NOR2x2_ASAP7_75t_L)
  50.69  115.61 ^ mod.x5_$_XOR__Y_B_$_XOR__Y_B_$_XOR__Y_A_$_XOR__Y_B_$_XNOR__Y_A_$_XOR__Y_B_FAx1_ASAP7_75t_L_SN/SN (FAx1_ASAP7_75t_L)
  52.20  167.81 v mod.x6_$_XNOR__Y_B_$_XOR__Y_B_$_XOR__Y_B_$_XNOR__Y_B_$_XOR__Y_A_FAx1_ASAP7_75t_L_CON/SN (FAx1_ASAP7_75t_L)
  11.11  178.92 ^ mod.x5_$_XOR__Y_B_$_XOR__Y_B_$_XOR__Y_A_$_XOR__Y_B_INVx2_ASAP7_75t_L_A/Y (INVx2_ASAP7_75t_L)
  28.56  207.49 v mod.x6_$_XNOR__Y_B_$_XOR__Y_B_HAxp5_ASAP7_75t_L_SN_B_FAx1_ASAP7_75t_L_CON/SN (FAx1_ASAP7_75t_L)
  28.84  236.32 v mod.x6_$_XNOR__Y_B_$_XOR__Y_A_HAxp5_ASAP7_75t_L_CON/SN (HAxp5_ASAP7_75t_L)
   8.18  244.50 ^ mod.x6_$_XNOR__Y_B_$_XOR__Y_A_HAxp5_ASAP7_75t_L_CON_SN_INVx2_ASAP7_75t_L_A/Y (INVx2_ASAP7_75t_L)
  10.52  255.02 v mod.x6_$_XNOR__Y_A_HAxp5_ASAP7_75t_L_CON/CON (HAxp5_ASAP7_75t_L)
  10.19  265.21 ^ mod.x6_$_XNOR__Y_A_INVx2_ASAP7_75t_L_A/Y (INVx2_ASAP7_75t_L)
  13.33  278.54 v mod.x[6]_FAx1_ASAP7_75t_L_SN/CON (FAx1_ASAP7_75t_L)
  19.49  298.03 ^ mod.x7_$_XOR__Y_A_XNOR2x2_ASAP7_75t_L_B/Y (XNOR2x2_ASAP7_75t_L)
  20.28  318.31 v mod.x7_$_XOR__Y_A_XNOR2x2_ASAP7_75t_L_B_Y_XNOR2x2_ASAP7_75t_L_B/Y (XNOR2x2_ASAP7_75t_L)
  17.01  335.32 ^ mod.x[7]_XNOR2x2_ASAP7_75t_L_Y_B_XNOR2x2_ASAP7_75t_L_Y/Y (XNOR2x2_ASAP7_75t_L)
  19.46  354.79 v mod.x[7]_XNOR2x2_ASAP7_75t_L_Y/Y (XNOR2x2_ASAP7_75t_L)
   0.00  354.79 v x7_$_DFF_P__Q/D (DFFHQNx1_ASAP7_75t_L)
         354.79   data arrival time
---------------------------------------------------------
(Path is unconstrained)


