Warning: bazel-out/k8-fastbuild/bin/external/com_google_skywater_pdk_sky130_fd_sc_hd/timing/sky130_fd_sc_hd__ss_n40C_1v40.lib line 24, default_fanout_load is 0.0.
Startpoint: mod.a2_$_DFF_P__Q (rising edge-triggered flip-flop)
Endpoint: x7_$_DFF_P__Q (rising edge-triggered flip-flop)
Path Group: unconstrained
Path Type: max

  Delay    Time   Description
---------------------------------------------------------
   0.00    0.00 ^ mod.a2_$_DFF_P__Q/CLK (sky130_fd_sc_hd__dfxtp_1)
   1.74    1.74 ^ mod.a2_$_DFF_P__Q/Q (sky130_fd_sc_hd__dfxtp_1)
   0.55    2.29 v mod.x7_$_XOR__Y_B_$_XOR__Y_B_$_XOR__Y_A_$_ANDNOT__Y_B_sky130_fd_sc_hd__fa_1_COUT_CIN_sky130_fd_sc_hd__nand2_1_Y/Y (sky130_fd_sc_hd__nand2_1)
   2.48    4.77 v mod.x7_$_XOR__Y_B_$_XOR__Y_B_$_XOR__Y_A_$_ANDNOT__Y_B_sky130_fd_sc_hd__fa_1_COUT/SUM (sky130_fd_sc_hd__fa_1)
   2.53    7.30 v mod.x5_$_XOR__Y_B_$_XOR__Y_B_$_XOR__Y_A_$_XOR__Y_B_$_XNOR__Y_B_sky130_fd_sc_hd__fa_1_CIN/SUM (sky130_fd_sc_hd__fa_1)
   2.45    9.75 ^ mod.x5_$_XOR__Y_B_$_XOR__Y_B_sky130_fd_sc_hd__fa_1_SUM/SUM (sky130_fd_sc_hd__fa_1)
   0.11    9.86 v mod.x5_$_XOR__Y_B_$_XOR__Y_B_sky130_fd_sc_hd__inv_1_A/Y (sky130_fd_sc_hd__inv_1)
   1.42   11.29 v mod.x5_$_XOR__Y_B_$_XOR__Y_B_sky130_fd_sc_hd__inv_1_A_Y_sky130_fd_sc_hd__ha_1_A/SUM (sky130_fd_sc_hd__ha_1)
   0.95   12.24 v mod.x[5]_sky130_fd_sc_hd__ha_1_SUM/COUT (sky130_fd_sc_hd__ha_1)
   2.06   14.30 v mod.x[6]_sky130_fd_sc_hd__inv_1_Y_A_sky130_fd_sc_hd__fa_1_SUM/COUT (sky130_fd_sc_hd__fa_1)
   0.91   15.21 ^ mod.x[6]_sky130_fd_sc_hd__inv_1_Y_A_sky130_fd_sc_hd__fa_1_SUM_COUT_sky130_fd_sc_hd__xor2_1_A/X (sky130_fd_sc_hd__xor2_1)
   0.62   15.83 ^ mod.x[7]_sky130_fd_sc_hd__xnor3_1_X_B_sky130_fd_sc_hd__xnor2_2_Y/Y (sky130_fd_sc_hd__xnor2_2)
   1.58   17.41 v mod.x[7]_sky130_fd_sc_hd__xnor3_1_X/X (sky130_fd_sc_hd__xnor3_1)
   0.00   17.41 v x7_$_DFF_P__Q/D (sky130_fd_sc_hd__dfxtp_1)
          17.41   data arrival time
---------------------------------------------------------
(Path is unconstrained)


