Warning: bazel-out/k8-fastbuild/bin/external/org_theopenroadproject_asap7sc7p5t_28/asap7-sc7p5t_rev28_rvt-ccs_ff-brentkung_FF.lib line 2847035, when attribute inside table model.
Warning: bazel-out/k8-fastbuild/bin/external/org_theopenroadproject_asap7sc7p5t_28/asap7-sc7p5t_rev28_rvt-ccs_ff-brentkung_FF.lib line 2847511, when attribute inside table model.
Warning: bazel-out/k8-fastbuild/bin/external/org_theopenroadproject_asap7sc7p5t_28/asap7-sc7p5t_rev28_rvt-ccs_ff-brentkung_FF.lib line 2847987, when attribute inside table model.
Warning: bazel-out/k8-fastbuild/bin/external/org_theopenroadproject_asap7sc7p5t_28/asap7-sc7p5t_rev28_rvt-ccs_ff-brentkung_FF.lib line 2848463, when attribute inside table model.
Warning: bazel-out/k8-fastbuild/bin/external/org_theopenroadproject_asap7sc7p5t_28/asap7-sc7p5t_rev28_rvt-ccs_ff-brentkung_FF.lib line 2848939, when attribute inside table model.
Warning: bazel-out/k8-fastbuild/bin/external/org_theopenroadproject_asap7sc7p5t_28/asap7-sc7p5t_rev28_rvt-ccs_ff-brentkung_FF.lib line 2850355, when attribute inside table model.
Warning: bazel-out/k8-fastbuild/bin/external/org_theopenroadproject_asap7sc7p5t_28/asap7-sc7p5t_rev28_rvt-ccs_ff-brentkung_FF.lib line 2846554, timing group from output port.
Warning: bazel-out/k8-fastbuild/bin/external/org_theopenroadproject_asap7sc7p5t_28/asap7-sc7p5t_rev28_rvt-ccs_ff-brentkung_FF.lib line 2847030, timing group from output port.
Warning: bazel-out/k8-fastbuild/bin/external/org_theopenroadproject_asap7sc7p5t_28/asap7-sc7p5t_rev28_rvt-ccs_ff-brentkung_FF.lib line 2847506, timing group from output port.
Warning: bazel-out/k8-fastbuild/bin/external/org_theopenroadproject_asap7sc7p5t_28/asap7-sc7p5t_rev28_rvt-ccs_ff-brentkung_FF.lib line 2847982, timing group from output port.
Warning: bazel-out/k8-fastbuild/bin/external/org_theopenroadproject_asap7sc7p5t_28/asap7-sc7p5t_rev28_rvt-ccs_ff-brentkung_FF.lib line 2848458, timing group from output port.
Warning: bazel-out/k8-fastbuild/bin/external/org_theopenroadproject_asap7sc7p5t_28/asap7-sc7p5t_rev28_rvt-ccs_ff-brentkung_FF.lib line 2848934, timing group from output port.
Warning: bazel-out/k8-fastbuild/bin/external/org_theopenroadproject_asap7sc7p5t_28/asap7-sc7p5t_rev28_rvt-ccs_ff-brentkung_FF.lib line 2849410, timing group from output port.
Warning: bazel-out/k8-fastbuild/bin/external/org_theopenroadproject_asap7sc7p5t_28/asap7-sc7p5t_rev28_rvt-ccs_ff-brentkung_FF.lib line 2857800, when attribute inside table model.
Warning: bazel-out/k8-fastbuild/bin/external/org_theopenroadproject_asap7sc7p5t_28/asap7-sc7p5t_rev28_rvt-ccs_ff-brentkung_FF.lib line 2859216, when attribute inside table model.
Warning: bazel-out/k8-fastbuild/bin/external/org_theopenroadproject_asap7sc7p5t_28/asap7-sc7p5t_rev28_rvt-ccs_ff-brentkung_FF.lib line 2857319, timing group from output port.
Warning: bazel-out/k8-fastbuild/bin/external/org_theopenroadproject_asap7sc7p5t_28/asap7-sc7p5t_rev28_rvt-ccs_ff-brentkung_FF.lib line 2857795, timing group from output port.
Warning: bazel-out/k8-fastbuild/bin/external/org_theopenroadproject_asap7sc7p5t_28/asap7-sc7p5t_rev28_rvt-ccs_ff-brentkung_FF.lib line 2858271, timing group from output port.
Startpoint: mod.b0_$_DFF_P__Q (rising edge-triggered flip-flop)
Endpoint: x7_$_DFF_P__Q (rising edge-triggered flip-flop)
Path Group: unconstrained
Path Type: max

  Delay    Time   Description
---------------------------------------------------------
   0.00    0.00 ^ mod.b0_$_DFF_P__Q/CLK (DFFHQNx1_ASAP7_75t_R)
  58.19   58.19 ^ mod.b0_$_DFF_P__Q/QN (DFFHQNx1_ASAP7_75t_R)
  21.46   79.65 v mod.x6_$_XNOR__Y_B_$_XOR__Y_B_$_XOR__Y_B_$_XNOR__Y_B_$_XOR__Y_B_$_XOR__Y_B_$_XOR__Y_A_$_ANDNOT__Y_A_HAxp5_ASAP7_75t_R_CON_B_NOR2x2_ASAP7_75t_R_Y/Y (NOR2x2_ASAP7_75t_R)
  67.79  147.44 ^ mod.x5_$_XOR__Y_B_$_XOR__Y_B_$_XOR__Y_A_$_XOR__Y_B_$_XNOR__Y_A_$_XOR__Y_B_FAx1_ASAP7_75t_R_SN/SN (FAx1_ASAP7_75t_R)
  75.69  223.12 v mod.x6_$_XNOR__Y_B_$_XOR__Y_B_$_XOR__Y_B_$_XNOR__Y_B_$_XOR__Y_A_FAx1_ASAP7_75t_R_CON/SN (FAx1_ASAP7_75t_R)
  14.19  237.31 ^ mod.x5_$_XOR__Y_B_$_XOR__Y_B_$_XOR__Y_A_$_XOR__Y_B_INVx2_ASAP7_75t_R_A/Y (INVx2_ASAP7_75t_R)
  39.07  276.38 v mod.x6_$_XNOR__Y_B_$_XOR__Y_B_HAxp5_ASAP7_75t_R_SN_B_FAx1_ASAP7_75t_R_CON/SN (FAx1_ASAP7_75t_R)
  40.74  317.12 v mod.x6_$_XNOR__Y_B_$_XOR__Y_A_HAxp5_ASAP7_75t_R_CON/SN (HAxp5_ASAP7_75t_R)
  10.34  327.46 ^ mod.x6_$_XNOR__Y_B_$_XOR__Y_A_HAxp5_ASAP7_75t_R_CON_SN_INVx2_ASAP7_75t_R_A/Y (INVx2_ASAP7_75t_R)
  14.54  342.00 v mod.x6_$_XNOR__Y_A_HAxp5_ASAP7_75t_R_CON/CON (HAxp5_ASAP7_75t_R)
  12.57  354.57 ^ mod.x6_$_XNOR__Y_A_INVx2_ASAP7_75t_R_A/Y (INVx2_ASAP7_75t_R)
  17.56  372.13 v mod.x[6]_FAx1_ASAP7_75t_R_SN/CON (FAx1_ASAP7_75t_R)
  27.65  399.78 ^ mod.x7_$_XOR__Y_A_XNOR2x2_ASAP7_75t_R_B/Y (XNOR2x2_ASAP7_75t_R)
  28.96  428.74 v mod.x7_$_XOR__Y_A_XNOR2x2_ASAP7_75t_R_B_Y_XNOR2x2_ASAP7_75t_R_B/Y (XNOR2x2_ASAP7_75t_R)
  24.33  453.07 ^ mod.x[7]_XNOR2x2_ASAP7_75t_R_Y_B_XNOR2x2_ASAP7_75t_R_Y/Y (XNOR2x2_ASAP7_75t_R)
  27.90  480.97 v mod.x[7]_XNOR2x2_ASAP7_75t_R_Y/Y (XNOR2x2_ASAP7_75t_R)
   0.00  480.97 v x7_$_DFF_P__Q/D (DFFHQNx1_ASAP7_75t_R)
         480.97   data arrival time
---------------------------------------------------------
(Path is unconstrained)


