Warning: bazel-out/k8-fastbuild/bin/external/com_google_skywater_pdk_sky130_fd_sc_hd/timing/sky130_fd_sc_hd__ff_100C_1v65.lib line 23, default_fanout_load is 0.0.
Startpoint: mod.b1_$_DFF_P__Q (rising edge-triggered flip-flop)
Endpoint: x7_$_DFF_P__Q (rising edge-triggered flip-flop)
Path Group: unconstrained
Path Type: max

  Delay    Time   Description
---------------------------------------------------------
   0.00    0.00 ^ mod.b1_$_DFF_P__Q/CLK (sky130_fd_sc_hd__dfxtp_1)
   0.30    0.30 v mod.b1_$_DFF_P__Q/Q (sky130_fd_sc_hd__dfxtp_1)
   0.17    0.47 v mod.x5_$_XOR__Y_B_$_XOR__Y_B_$_XOR__Y_A_$_XOR__Y_B_$_XNOR__Y_A_$_XOR__Y_B_$_XNOR__Y_A_$_XOR__Y_A_sky130_fd_sc_hd__and2_0_X/X (sky130_fd_sc_hd__and2_0)
   0.41    0.87 ^ mod.x5_$_XOR__Y_B_$_XOR__Y_B_$_XOR__Y_A_$_XOR__Y_B_$_XNOR__Y_A_$_XOR__Y_B_$_XNOR__Y_B_sky130_fd_sc_hd__fa_1_B/SUM (sky130_fd_sc_hd__fa_1)
   0.05    0.93 v mod.x5_$_XOR__Y_B_$_XOR__Y_B_$_XOR__Y_A_$_XOR__Y_B_$_XNOR__Y_A_$_XOR__Y_B_sky130_fd_sc_hd__inv_1_Y/Y (sky130_fd_sc_hd__inv_1)
   0.40    1.33 ^ mod.x5_$_XOR__Y_B_$_XOR__Y_B_$_XOR__Y_A_$_XOR__Y_B_$_XNOR__Y_B_sky130_fd_sc_hd__fa_1_CIN/SUM (sky130_fd_sc_hd__fa_1)
   0.29    1.62 v mod.x5_$_XOR__Y_B_$_XOR__Y_B_sky130_fd_sc_hd__fa_1_SUM/SUM (sky130_fd_sc_hd__fa_1)
   0.04    1.66 ^ mod.x5_$_XOR__Y_B_$_XOR__Y_B_sky130_fd_sc_hd__inv_1_A/Y (sky130_fd_sc_hd__inv_1)
   0.20    1.86 v mod.x5_$_XOR__Y_B_$_XOR__Y_B_sky130_fd_sc_hd__inv_1_A_Y_sky130_fd_sc_hd__ha_1_A/SUM (sky130_fd_sc_hd__ha_1)
   0.19    2.05 v mod.x[5]_sky130_fd_sc_hd__ha_1_SUM/COUT (sky130_fd_sc_hd__ha_1)
   0.28    2.32 v mod.x[6]_sky130_fd_sc_hd__inv_1_Y_A_sky130_fd_sc_hd__fa_1_SUM/COUT (sky130_fd_sc_hd__fa_1)
   0.14    2.46 v mod.x[6]_sky130_fd_sc_hd__inv_1_Y_A_sky130_fd_sc_hd__fa_1_SUM_COUT_sky130_fd_sc_hd__xor2_1_A/X (sky130_fd_sc_hd__xor2_1)
   0.13    2.59 ^ mod.x[7]_sky130_fd_sc_hd__xnor3_1_X_B_sky130_fd_sc_hd__xnor2_1_Y/Y (sky130_fd_sc_hd__xnor2_1)
   0.22    2.82 v mod.x[7]_sky130_fd_sc_hd__xnor3_1_X/X (sky130_fd_sc_hd__xnor3_1)
   0.00    2.82 v x7_$_DFF_P__Q/D (sky130_fd_sc_hd__dfxtp_1)
           2.82   data arrival time
---------------------------------------------------------
(Path is unconstrained)


