Warning: bazel-out/k8-fastbuild/bin/external/org_theopenroadproject_asap7sc7p5t_28/asap7-sc7p5t_rev28_slvt-ccs_tt-opt_TT.lib line 2847109, when attribute inside table model.
Warning: bazel-out/k8-fastbuild/bin/external/org_theopenroadproject_asap7sc7p5t_28/asap7-sc7p5t_rev28_slvt-ccs_tt-opt_TT.lib line 2847585, when attribute inside table model.
Warning: bazel-out/k8-fastbuild/bin/external/org_theopenroadproject_asap7sc7p5t_28/asap7-sc7p5t_rev28_slvt-ccs_tt-opt_TT.lib line 2848061, when attribute inside table model.
Warning: bazel-out/k8-fastbuild/bin/external/org_theopenroadproject_asap7sc7p5t_28/asap7-sc7p5t_rev28_slvt-ccs_tt-opt_TT.lib line 2848537, when attribute inside table model.
Warning: bazel-out/k8-fastbuild/bin/external/org_theopenroadproject_asap7sc7p5t_28/asap7-sc7p5t_rev28_slvt-ccs_tt-opt_TT.lib line 2849013, when attribute inside table model.
Warning: bazel-out/k8-fastbuild/bin/external/org_theopenroadproject_asap7sc7p5t_28/asap7-sc7p5t_rev28_slvt-ccs_tt-opt_TT.lib line 2850429, when attribute inside table model.
Warning: bazel-out/k8-fastbuild/bin/external/org_theopenroadproject_asap7sc7p5t_28/asap7-sc7p5t_rev28_slvt-ccs_tt-opt_TT.lib line 2846628, timing group from output port.
Warning: bazel-out/k8-fastbuild/bin/external/org_theopenroadproject_asap7sc7p5t_28/asap7-sc7p5t_rev28_slvt-ccs_tt-opt_TT.lib line 2847104, timing group from output port.
Warning: bazel-out/k8-fastbuild/bin/external/org_theopenroadproject_asap7sc7p5t_28/asap7-sc7p5t_rev28_slvt-ccs_tt-opt_TT.lib line 2847580, timing group from output port.
Warning: bazel-out/k8-fastbuild/bin/external/org_theopenroadproject_asap7sc7p5t_28/asap7-sc7p5t_rev28_slvt-ccs_tt-opt_TT.lib line 2848056, timing group from output port.
Warning: bazel-out/k8-fastbuild/bin/external/org_theopenroadproject_asap7sc7p5t_28/asap7-sc7p5t_rev28_slvt-ccs_tt-opt_TT.lib line 2848532, timing group from output port.
Warning: bazel-out/k8-fastbuild/bin/external/org_theopenroadproject_asap7sc7p5t_28/asap7-sc7p5t_rev28_slvt-ccs_tt-opt_TT.lib line 2849008, timing group from output port.
Warning: bazel-out/k8-fastbuild/bin/external/org_theopenroadproject_asap7sc7p5t_28/asap7-sc7p5t_rev28_slvt-ccs_tt-opt_TT.lib line 2849484, timing group from output port.
Warning: bazel-out/k8-fastbuild/bin/external/org_theopenroadproject_asap7sc7p5t_28/asap7-sc7p5t_rev28_slvt-ccs_tt-opt_TT.lib line 2857874, when attribute inside table model.
Warning: bazel-out/k8-fastbuild/bin/external/org_theopenroadproject_asap7sc7p5t_28/asap7-sc7p5t_rev28_slvt-ccs_tt-opt_TT.lib line 2859290, when attribute inside table model.
Warning: bazel-out/k8-fastbuild/bin/external/org_theopenroadproject_asap7sc7p5t_28/asap7-sc7p5t_rev28_slvt-ccs_tt-opt_TT.lib line 2857393, timing group from output port.
Warning: bazel-out/k8-fastbuild/bin/external/org_theopenroadproject_asap7sc7p5t_28/asap7-sc7p5t_rev28_slvt-ccs_tt-opt_TT.lib line 2857869, timing group from output port.
Warning: bazel-out/k8-fastbuild/bin/external/org_theopenroadproject_asap7sc7p5t_28/asap7-sc7p5t_rev28_slvt-ccs_tt-opt_TT.lib line 2858345, timing group from output port.
Startpoint: mod.b0_$_DFF_P__Q (rising edge-triggered flip-flop)
Endpoint: x7_$_DFF_P__Q (rising edge-triggered flip-flop)
Path Group: unconstrained
Path Type: max

  Delay    Time   Description
---------------------------------------------------------
   0.00    0.00 ^ mod.b0_$_DFF_P__Q/CLK (DFFHQNx1_ASAP7_75t_SL)
  57.45   57.45 ^ mod.b0_$_DFF_P__Q/QN (DFFHQNx1_ASAP7_75t_SL)
  15.75   73.21 v mod.x6_$_XNOR__Y_B_$_XOR__Y_B_$_XOR__Y_B_$_XNOR__Y_B_$_XOR__Y_B_$_XOR__Y_B_$_XOR__Y_A_$_ANDNOT__Y_A_HAxp5_ASAP7_75t_SL_CON_B_NOR2x2_ASAP7_75t_SL_Y/Y (NOR2x2_ASAP7_75t_SL)
  55.52  128.73 ^ mod.x5_$_XOR__Y_B_$_XOR__Y_B_$_XOR__Y_A_$_XOR__Y_B_$_XNOR__Y_A_$_XOR__Y_B_FAx1_ASAP7_75t_SL_SN/SN (FAx1_ASAP7_75t_SL)
  57.64  186.37 v mod.x6_$_XNOR__Y_B_$_XOR__Y_B_$_XOR__Y_B_$_XNOR__Y_B_$_XOR__Y_A_FAx1_ASAP7_75t_SL_CON/SN (FAx1_ASAP7_75t_SL)
  12.53  198.90 ^ mod.x5_$_XOR__Y_B_$_XOR__Y_B_$_XOR__Y_A_$_XOR__Y_B_INVx2_ASAP7_75t_SL_A/Y (INVx2_ASAP7_75t_SL)
  31.87  230.77 v mod.x6_$_XNOR__Y_B_$_XOR__Y_B_HAxp5_ASAP7_75t_SL_SN_B_FAx1_ASAP7_75t_SL_CON/SN (FAx1_ASAP7_75t_SL)
  32.53  263.30 v mod.x6_$_XNOR__Y_B_$_XOR__Y_A_HAxp5_ASAP7_75t_SL_CON/SN (HAxp5_ASAP7_75t_SL)
   9.29  272.59 ^ mod.x6_$_XNOR__Y_B_$_XOR__Y_A_HAxp5_ASAP7_75t_SL_CON_SN_INVx2_ASAP7_75t_SL_A/Y (INVx2_ASAP7_75t_SL)
  11.34  283.93 v mod.x6_$_XNOR__Y_A_HAxp5_ASAP7_75t_SL_CON/CON (HAxp5_ASAP7_75t_SL)
  11.24  295.18 ^ mod.x6_$_XNOR__Y_A_INVx2_ASAP7_75t_SL_A/Y (INVx2_ASAP7_75t_SL)
  14.46  309.63 v mod.x[6]_FAx1_ASAP7_75t_SL_SN/CON (FAx1_ASAP7_75t_SL)
  21.58  331.22 ^ mod.x7_$_XOR__Y_A_XNOR2x2_ASAP7_75t_SL_B/Y (XNOR2x2_ASAP7_75t_SL)
  22.54  353.76 v mod.x7_$_XOR__Y_A_XNOR2x2_ASAP7_75t_SL_B_Y_XNOR2x2_ASAP7_75t_SL_B/Y (XNOR2x2_ASAP7_75t_SL)
  18.93  372.70 ^ mod.x[7]_XNOR2x2_ASAP7_75t_SL_Y_B_XNOR2x2_ASAP7_75t_SL_Y/Y (XNOR2x2_ASAP7_75t_SL)
  21.58  394.27 v mod.x[7]_XNOR2x2_ASAP7_75t_SL_Y/Y (XNOR2x2_ASAP7_75t_SL)
   0.00  394.27 v x7_$_DFF_P__Q/D (DFFHQNx1_ASAP7_75t_SL)
         394.27   data arrival time
---------------------------------------------------------
(Path is unconstrained)


