Warning: bazel-out/k8-fastbuild/bin/external/org_theopenroadproject_asap7sc7p5t_28/asap7-sc7p5t_rev28_lvt-ccs_ss-fa_SS.lib line 2847013, when attribute inside table model.
Warning: bazel-out/k8-fastbuild/bin/external/org_theopenroadproject_asap7sc7p5t_28/asap7-sc7p5t_rev28_lvt-ccs_ss-fa_SS.lib line 2847489, when attribute inside table model.
Warning: bazel-out/k8-fastbuild/bin/external/org_theopenroadproject_asap7sc7p5t_28/asap7-sc7p5t_rev28_lvt-ccs_ss-fa_SS.lib line 2847965, when attribute inside table model.
Warning: bazel-out/k8-fastbuild/bin/external/org_theopenroadproject_asap7sc7p5t_28/asap7-sc7p5t_rev28_lvt-ccs_ss-fa_SS.lib line 2848441, when attribute inside table model.
Warning: bazel-out/k8-fastbuild/bin/external/org_theopenroadproject_asap7sc7p5t_28/asap7-sc7p5t_rev28_lvt-ccs_ss-fa_SS.lib line 2848917, when attribute inside table model.
Warning: bazel-out/k8-fastbuild/bin/external/org_theopenroadproject_asap7sc7p5t_28/asap7-sc7p5t_rev28_lvt-ccs_ss-fa_SS.lib line 2850333, when attribute inside table model.
Warning: bazel-out/k8-fastbuild/bin/external/org_theopenroadproject_asap7sc7p5t_28/asap7-sc7p5t_rev28_lvt-ccs_ss-fa_SS.lib line 2846532, timing group from output port.
Warning: bazel-out/k8-fastbuild/bin/external/org_theopenroadproject_asap7sc7p5t_28/asap7-sc7p5t_rev28_lvt-ccs_ss-fa_SS.lib line 2847008, timing group from output port.
Warning: bazel-out/k8-fastbuild/bin/external/org_theopenroadproject_asap7sc7p5t_28/asap7-sc7p5t_rev28_lvt-ccs_ss-fa_SS.lib line 2847484, timing group from output port.
Warning: bazel-out/k8-fastbuild/bin/external/org_theopenroadproject_asap7sc7p5t_28/asap7-sc7p5t_rev28_lvt-ccs_ss-fa_SS.lib line 2847960, timing group from output port.
Warning: bazel-out/k8-fastbuild/bin/external/org_theopenroadproject_asap7sc7p5t_28/asap7-sc7p5t_rev28_lvt-ccs_ss-fa_SS.lib line 2848436, timing group from output port.
Warning: bazel-out/k8-fastbuild/bin/external/org_theopenroadproject_asap7sc7p5t_28/asap7-sc7p5t_rev28_lvt-ccs_ss-fa_SS.lib line 2848912, timing group from output port.
Warning: bazel-out/k8-fastbuild/bin/external/org_theopenroadproject_asap7sc7p5t_28/asap7-sc7p5t_rev28_lvt-ccs_ss-fa_SS.lib line 2849388, timing group from output port.
Warning: bazel-out/k8-fastbuild/bin/external/org_theopenroadproject_asap7sc7p5t_28/asap7-sc7p5t_rev28_lvt-ccs_ss-fa_SS.lib line 2857776, when attribute inside table model.
Warning: bazel-out/k8-fastbuild/bin/external/org_theopenroadproject_asap7sc7p5t_28/asap7-sc7p5t_rev28_lvt-ccs_ss-fa_SS.lib line 2859192, when attribute inside table model.
Warning: bazel-out/k8-fastbuild/bin/external/org_theopenroadproject_asap7sc7p5t_28/asap7-sc7p5t_rev28_lvt-ccs_ss-fa_SS.lib line 2857295, timing group from output port.
Warning: bazel-out/k8-fastbuild/bin/external/org_theopenroadproject_asap7sc7p5t_28/asap7-sc7p5t_rev28_lvt-ccs_ss-fa_SS.lib line 2857771, timing group from output port.
Warning: bazel-out/k8-fastbuild/bin/external/org_theopenroadproject_asap7sc7p5t_28/asap7-sc7p5t_rev28_lvt-ccs_ss-fa_SS.lib line 2858247, timing group from output port.
Startpoint: mod.b0_$_DFF_P__Q (rising edge-triggered flip-flop)
Endpoint: x7_$_DFF_P__Q (rising edge-triggered flip-flop)
Path Group: unconstrained
Path Type: max

  Delay    Time   Description
---------------------------------------------------------
   0.00    0.00 ^ mod.b0_$_DFF_P__Q/CLK (DFFHQNx1_ASAP7_75t_L)
  93.90   93.90 ^ mod.b0_$_DFF_P__Q/QN (DFFHQNx1_ASAP7_75t_L)
  28.77  122.67 v mod.x6_$_XNOR__Y_B_$_XOR__Y_B_$_XOR__Y_B_$_XNOR__Y_B_$_XOR__Y_B_$_XOR__Y_B_$_XOR__Y_A_$_ANDNOT__Y_A_HAxp5_ASAP7_75t_L_CON_B_NOR2x2_ASAP7_75t_L_Y/Y (NOR2x2_ASAP7_75t_L)
  89.16  211.83 ^ mod.x5_$_XOR__Y_B_$_XOR__Y_B_$_XOR__Y_A_$_XOR__Y_B_$_XNOR__Y_A_$_XOR__Y_B_FAx1_ASAP7_75t_L_SN/SN (FAx1_ASAP7_75t_L)
  98.22  310.05 v mod.x6_$_XNOR__Y_B_$_XOR__Y_B_$_XOR__Y_B_$_XNOR__Y_B_$_XOR__Y_A_FAx1_ASAP7_75t_L_CON/SN (FAx1_ASAP7_75t_L)
  20.39  330.44 ^ mod.x5_$_XOR__Y_B_$_XOR__Y_B_$_XOR__Y_A_$_XOR__Y_B_INVx2_ASAP7_75t_L_A/Y (INVx2_ASAP7_75t_L)
  53.61  384.05 v mod.x6_$_XNOR__Y_B_$_XOR__Y_B_HAxp5_ASAP7_75t_L_SN_B_FAx1_ASAP7_75t_L_CON/SN (FAx1_ASAP7_75t_L)
  53.71  437.77 v mod.x6_$_XNOR__Y_B_$_XOR__Y_A_HAxp5_ASAP7_75t_L_CON/SN (HAxp5_ASAP7_75t_L)
  15.50  453.26 ^ mod.x6_$_XNOR__Y_B_$_XOR__Y_A_HAxp5_ASAP7_75t_L_CON_SN_INVx2_ASAP7_75t_L_A/Y (INVx2_ASAP7_75t_L)
  18.84  472.11 v mod.x6_$_XNOR__Y_A_HAxp5_ASAP7_75t_L_CON/CON (HAxp5_ASAP7_75t_L)
  18.52  490.63 ^ mod.x6_$_XNOR__Y_A_INVx2_ASAP7_75t_L_A/Y (INVx2_ASAP7_75t_L)
  23.30  513.93 v mod.x[6]_FAx1_ASAP7_75t_L_SN/CON (FAx1_ASAP7_75t_L)
  36.37  550.30 ^ mod.x7_$_XOR__Y_A_XNOR2x2_ASAP7_75t_L_B/Y (XNOR2x2_ASAP7_75t_L)
  38.97  589.27 v mod.x7_$_XOR__Y_A_XNOR2x2_ASAP7_75t_L_B_Y_XNOR2x2_ASAP7_75t_L_B/Y (XNOR2x2_ASAP7_75t_L)
  32.76  622.03 ^ mod.x[7]_XNOR2x2_ASAP7_75t_L_Y_B_XNOR2x2_ASAP7_75t_L_Y/Y (XNOR2x2_ASAP7_75t_L)
  37.43  659.46 v mod.x[7]_XNOR2x2_ASAP7_75t_L_Y/Y (XNOR2x2_ASAP7_75t_L)
   0.00  659.46 v x7_$_DFF_P__Q/D (DFFHQNx1_ASAP7_75t_L)
         659.46   data arrival time
---------------------------------------------------------
(Path is unconstrained)


